<?xml version='1.0' encoding='UTF-8'?>
<testsuite hostname="localhost" name="TwoferTest" tests="3" errors="0" failures="0" skipped="2" time="0.021" timestamp="2020-01-25T16:42:50">
                     <properties>
[...]
</properties>
                     <testcase classname="TwoferTest" name="no name given" time="0.02">
                                                 
                                               </testcase><testcase classname="TwoferTest" name="a name given" time="0.001">
                                                 <skipped/>
                                               </testcase><testcase classname="TwoferTest" name="another name given" time="0.0">
                                                 <skipped/>
                                               </testcase>
                     <system-out><![CDATA[]]></system-out>
                     <system-err><![CDATA[]]></system-err>
                   </testsuite>