<?xml version='1.0' encoding='UTF-8'?>
<testsuite hostname="localhost" name="SpaceAgeTest" tests="8" errors="0" failures="0" skipped="0" time="0.035" timestamp="2020-01-25T17:41:13">
                     <properties>
[...]
</properties>
                     <testcase classname="SpaceAgeTest" name="age on Earth" time="0.026">
                                                 
                                               </testcase><testcase classname="SpaceAgeTest" name="age on Mercury" time="0.001">
                                                 
                                               </testcase><testcase classname="SpaceAgeTest" name="age on Venus" time="0.001">
                                                 
                                               </testcase><testcase classname="SpaceAgeTest" name="age on Mars" time="0.002">
                                                 
                                               </testcase><testcase classname="SpaceAgeTest" name="age on Jupiter" time="0.002">
                                                 
                                               </testcase><testcase classname="SpaceAgeTest" name="age on Saturn" time="0.001">
                                                 
                                               </testcase><testcase classname="SpaceAgeTest" name="age on Uranus" time="0.001">
                                                 
                                               </testcase><testcase classname="SpaceAgeTest" name="age on Neptune" time="0.001">
                                                 
                                               </testcase>
                     <system-out><![CDATA[]]></system-out>
                     <system-err><![CDATA[]]></system-err>
                   </testsuite>